SF:lib\app\controller\weather_controller.dart
DA:24,2
DA:36,1
DA:37,0
DA:38,0
DA:40,6
DA:41,1
DA:43,1
DA:46,0
DA:48,0
DA:49,0
DA:50,0
DA:53,0
DA:54,0
DA:55,0
DA:56,0
DA:59,0
DA:60,0
DA:63,0
DA:64,0
DA:65,0
DA:66,0
DA:70,0
DA:72,0
DA:73,0
DA:75,0
DA:76,0
DA:77,0
DA:79,0
DA:83,0
DA:84,0
DA:85,0
DA:86,0
DA:89,0
DA:90,0
DA:93,0
DA:94,0
DA:95,0
DA:98,0
DA:99,0
DA:100,0
DA:102,0
DA:103,0
DA:104,0
DA:107,0
DA:108,0
DA:109,0
DA:111,0
DA:113,0
DA:114,0
DA:115,0
DA:117,0
DA:121,0
DA:122,0
DA:123,0
DA:124,0
DA:127,0
DA:128,0
DA:129,0
DA:132,0
DA:133,0
DA:137,0
DA:138,0
DA:139,0
DA:140,0
DA:142,0
DA:144,0
DA:146,0
DA:147,0
DA:149,0
DA:153,1
DA:155,3
DA:156,0
DA:158,2
DA:159,2
DA:161,4
DA:163,3
DA:164,3
DA:168,1
DA:170,3
DA:171,0
DA:173,2
DA:174,2
DA:175,3
DA:177,5
DA:179,3
DA:180,3
DA:184,1
DA:185,3
DA:187,2
DA:188,2
DA:192,1
DA:193,2
DA:195,3
DA:196,2
DA:198,0
DA:202,1
DA:203,4
DA:204,4
DA:207,0
DA:208,0
LF:100
LH:31
end_of_record
SF:lib\app\core\utils\helpers\get_background\background_theme.dart
DA:5,1
DA:6,1
DA:8,1
DA:9,3
DA:10,0
DA:11,0
DA:12,0
DA:13,0
DA:14,0
DA:15,0
DA:16,0
DA:17,0
DA:18,0
DA:19,0
DA:21,0
DA:24,1
DA:25,1
DA:27,1
DA:29,1
DA:31,2
DA:33,1
DA:35,1
DA:37,3
LF:23
LH:12
end_of_record
SF:lib\app\core\utils\helpers\get_icon\weather_icon.dart
DA:5,1
DA:7,1
DA:9,1
DA:11,1
DA:13,1
DA:15,1
DA:16,1
DA:18,1
DA:19,1
DA:21,1
DA:22,1
DA:24,1
DA:26,1
DA:28,1
DA:29,1
DA:31,1
DA:32,1
DA:34,1
DA:35,1
LF:19
LH:19
end_of_record
SF:lib\app\core\utils\helpers\ui_helper.dart
DA:8,1
DA:10,1
DA:11,0
DA:12,0
DA:13,0
DA:14,0
DA:15,0
DA:16,0
DA:17,0
DA:18,0
DA:19,0
DA:20,0
DA:21,0
DA:22,0
DA:23,0
DA:24,0
DA:25,0
DA:26,0
DA:27,0
DA:33,1
DA:34,1
DA:35,1
LF:22
LH:5
end_of_record
SF:lib\app\models\daily_forecast\daily_forecast.dart
DA:10,3
DA:19,1
DA:20,1
DA:21,2
DA:22,2
DA:23,2
DA:24,1
DA:25,1
DA:26,2
DA:30,2
DA:31,2
DA:32,1
DA:33,1
DA:34,1
DA:35,1
DA:36,1
LF:16
LH:16
end_of_record
SF:lib\app\models\hourly_model\hourly_model.dart
DA:7,3
LF:1
LH:1
end_of_record
SF:lib\app\models\weather_model\weather_model.dart
DA:18,3
DA:35,3
DA:36,3
DA:37,7
DA:39,3
DA:40,9
DA:41,3
DA:42,0
DA:43,3
DA:44,7
DA:45,3
DA:46,5
DA:47,5
DA:48,5
DA:49,3
DA:50,5
DA:51,3
DA:52,3
DA:53,3
DA:54,3
DA:58,4
DA:59,4
DA:60,10
DA:61,2
DA:62,4
DA:63,2
DA:64,4
DA:65,4
DA:66,4
DA:67,2
DA:68,4
DA:69,2
DA:70,2
DA:71,2
DA:72,2
DA:77,2
DA:81,1
DA:82,2
DA:85,6
DA:89,3
DA:94,2
DA:95,6
DA:98,8
DA:111,3
DA:122,2
DA:123,2
DA:124,4
DA:125,4
DA:126,4
DA:127,4
DA:128,2
DA:129,2
DA:130,2
DA:131,2
DA:135,4
DA:136,2
DA:137,2
DA:138,2
DA:139,2
DA:140,2
DA:141,2
DA:142,2
DA:143,2
DA:148,2
DA:152,1
DA:153,2
DA:156,6
DA:160,2
DA:174,1
DA:175,1
DA:176,1
DA:177,1
DA:178,1
DA:179,1
DA:180,1
DA:184,4
DA:185,2
DA:186,2
DA:187,2
DA:188,2
DA:189,2
DA:194,3
DA:206,3
DA:207,3
DA:208,3
DA:209,3
DA:210,3
DA:211,3
DA:215,4
DA:216,2
DA:217,2
DA:218,2
DA:219,2
DA:224,2
DA:229,1
DA:230,1
DA:231,2
DA:232,1
DA:233,2
DA:237,10
LF:100
LH:99
end_of_record
SF:lib\app\models\weekly_model\weekly_forecast_model.dart
DA:6,3
DA:8,2
DA:9,2
DA:12,4
DA:13,2
DA:16,4
DA:17,8
DA:19,8
DA:23,6
DA:27,4
DA:28,2
DA:31,2
DA:32,8
DA:34,2
DA:36,6
DA:37,2
DA:38,2
DA:41,4
DA:42,3
DA:43,2
DA:44,2
DA:45,2
DA:47,2
DA:49,4
DA:50,4
DA:56,2
DA:57,2
DA:59,2
DA:62,0
DA:63,0
LF:30
LH:28
end_of_record
SF:lib\app\service\weather_service.dart
DA:16,1
DA:17,0
DA:21,2
DA:23,1
DA:29,1
DA:31,2
DA:33,1
DA:34,1
DA:38,2
DA:42,2
DA:43,1
DA:49,1
DA:51,2
DA:53,1
DA:54,1
DA:57,2
DA:58,0
DA:61,2
DA:62,0
DA:63,0
DA:68,1
DA:70,2
DA:72,1
DA:73,1
DA:76,2
DA:78,3
DA:79,2
DA:80,1
DA:81,2
DA:82,2
DA:84,3
DA:86,1
DA:87,4
DA:91,1
DA:94,0
DA:96,0
LF:36
LH:30
end_of_record
SF:lib\app\core\utils\helpers\localization\get_current_city.dart
DA:5,0
DA:7,0
DA:12,0
DA:13,0
DA:14,0
DA:15,0
DA:20,0
DA:24,0
DA:33,0
DA:34,0
DA:38,0
DA:39,0
DA:40,0
DA:41,0
DA:42,0
DA:43,0
DA:44,0
DA:45,0
DA:48,0
DA:52,0
LF:20
LH:0
end_of_record
SF:lib\app\models\weather_model\weather_model_extension.dart
DA:4,0
DA:5,0
DA:6,0
DA:7,0
DA:8,0
DA:9,0
DA:10,0
DA:11,2
LF:8
LH:1
end_of_record
